This is pdfTeX, Version 3.141592653-2.6-1.40.24 (MiKTeX 22.10) (preloaded format=pdflatex 2022.12.26)  26 DEC 2022 20:50
entering extended mode
 restricted \write18 enabled.
 %&-line parsing enabled.
**./startup.tex
(startup.tex
LaTeX2e <2022-06-01> patch level 5
L3 programming layer <2022-09-28> (D:\latex\tex/latex/base\article.cls
Document Class: article 2021/10/04 v1.4n Standard LaTeX document class
(D:\latex\tex/latex/base\size10.clo
File: size10.clo 2021/10/04 v1.4n Standard LaTeX file (size option)
)
\c@part=\count185
\c@section=\count186
\c@subsection=\count187
\c@subsubsection=\count188
\c@paragraph=\count189
\c@subparagraph=\count190
\c@figure=\count191
\c@table=\count192
\abovecaptionskip=\skip47
\belowcaptionskip=\skip48
\bibindent=\dimen138
) (D:\latex\tex/latex/graphics\graphicx.sty
Package: graphicx 2021/09/16 v1.2d Enhanced LaTeX Graphics (DPC,SPQR)
(D:\latex\tex/latex/graphics\keyval.sty
Package: keyval 2022/05/29 v1.15 key=value parser (DPC)
\KV@toks@=\toks16
)
(D:\latex\tex/latex/graphics\graphics.sty
Package: graphics 2022/03/10 v1.4e Standard LaTeX Graphics (DPC,SPQR)
 (D:\latex\tex/latex/graphics\trig.sty
Package: trig 2021/08/11 v1.11 sin cos tan (DPC)
) (D:\latex\tex/latex/graphics-cfg\graphics.cfg
File: graphics.cfg 2016/06/04 v1.11 sample graphics configuration
)
Package graphics Info: Driver file: pdftex.def on input line 107.

(D:\latex\tex/latex/graphics-def\pdftex.def
File: pdftex.def 2022/09/22 v1.2b Graphics/color driver for pdftex
\stockwidth=\dimen139
\stockheight=\dimen140
))
\Gin@req@height=\dimen141
\Gin@req@width=\dimen142
)
(D:\latex\tex/latex/l3backend\l3backend-pdftex.def
File: l3backend-pdftex.def 2022-09-28 L3 backend support: PDF output (pdfTeX)
\l__color_backend_stack_int=\count193
\l__pdf_internal_box=\box51
) (startup.aux)
\openout1 = `startup.aux'.

LaTeX Font Info:    Checking defaults for OML/cmm/m/it on input line 4.
LaTeX Font Info:    ... okay on input line 4.
LaTeX Font Info:    Checking defaults for OMS/cmsy/m/n on input line 4.
LaTeX Font Info:    ... okay on input line 4.
LaTeX Font Info:    Checking defaults for OT1/cmr/m/n on input line 4.
LaTeX Font Info:    ... okay on input line 4.
LaTeX Font Info:    Checking defaults for T1/cmr/m/n on input line 4.
LaTeX Font Info:    ... okay on input line 4.
LaTeX Font Info:    Checking defaults for TS1/cmr/m/n on input line 4.
LaTeX Font Info:    ... okay on input line 4.
LaTeX Font Info:    Checking defaults for OMX/cmex/m/n on input line 4.
LaTeX Font Info:    ... okay on input line 4.
LaTeX Font Info:    Checking defaults for U/cmr/m/n on input line 4.
LaTeX Font Info:    ... okay on input line 4.

(D:\latex\tex/context/base/mkii\supp-pdf.mkii
[Loading MPS to PDF converter (version 2006.09.02).]
\scratchcounter=\count194
\scratchdimen=\dimen143
\scratchbox=\box52
\nofMPsegments=\count195
\nofMParguments=\count196
\everyMPshowfont=\toks17
\MPscratchCnt=\count197
\MPscratchDim=\dimen144
\MPnumerator=\count198
\makeMPintoPDFobject=\count199
\everyMPtoPDFconversion=\toks18
) (D:\latex\tex/latex/epstopdf-pkg\epstopdf-base.sty
Package: epstopdf-base 2020-01-24 v2.11 Base part for package epstopdf
Package epstopdf-base Info: Redefining graphics rule for `.eps' on input line 4
85.

(D:\latex\tex/latex/00miktex\epstopdf-sys.cfg
File: epstopdf-sys.cfg 2021/03/18 v2.0 Configuration of epstopdf for MiKTeX
))
LaTeX Font Info:    External font `cmex10' loaded for size
(Font)              <12> on input line 9.
LaTeX Font Info:    External font `cmex10' loaded for size
(Font)              <8> on input line 9.
LaTeX Font Info:    External font `cmex10' loaded for size
(Font)              <6> on input line 9.
<images/home.png, id=1, 1410.77063pt x 641.39626pt>
File: images/home.png Graphic file (type png)
<use images/home.png>
Package pdftex.def Info: images/home.png  used on input line 31.
(pdftex.def)             Requested size: 282.14912pt x 128.27698pt.
<images/service.png, id=3, 1413.02907pt x 615.80063pt>
File: images/service.png Graphic file (type png)
<use images/service.png>
Package pdftex.def Info: images/service.png  used on input line 42.
(pdftex.def)             Requested size: 282.6008pt x 123.15794pt.
 [1

{C:/Users/Mohamed/AppData/Local/MiKTeX/fonts/map/pdftex/pdftex.map}]
<images/blog.png, id=15, 1420.55719pt x 620.3175pt>
File: images/blog.png Graphic file (type png)
<use images/blog.png>
Package pdftex.def Info: images/blog.png  used on input line 55.
(pdftex.def)             Requested size: 284.1064pt x 124.0613pt.
<images/bloggrid.png, id=16, 1423.56844pt x 664.73344pt>
File: images/bloggrid.png Graphic file (type png)
<use images/bloggrid.png>
Package pdftex.def Info: images/bloggrid.png  used on input line 62.
(pdftex.def)             Requested size: 284.70865pt x 132.94434pt.
 [2 <./images/home.png> <./images/service.png>] [3 <./images/blog.png> <./image
s/bloggrid.png>]
<images/about.png, id=27, 1414.53468pt x 703.87968pt>
File: images/about.png Graphic file (type png)
<use images/about.png>
Package pdftex.def Info: images/about.png  used on input line 73.
(pdftex.def)             Requested size: 282.90193pt x 140.77344pt.
<images/contact.png, id=28, 1413.02907pt x 640.64343pt>
File: images/contact.png Graphic file (type png)
<use images/contact.png>
Package pdftex.def Info: images/contact.png  used on input line 83.
(pdftex.def)             Requested size: 282.6008pt x 128.1264pt.
LaTeX Font Info:    External font `cmex10' loaded for size
(Font)              <7> on input line 94.
LaTeX Font Info:    External font `cmex10' loaded for size
(Font)              <5> on input line 94.
 [4 <./images/about.png> <./images/contact.png>] [5] (startup.aux) ) 
Here is how much of TeX's memory you used:
 1360 strings out of 475385
 21891 string characters out of 2793784
 366937 words of memory out of 3000000
 22766 multiletter control sequences out of 15000+600000
 474456 words of font info for 45 fonts, out of 8000000 for 9000
 1141 hyphenation exceptions out of 8191
 55i,9n,62p,835b,267s stack positions out of 10000i,1000n,20000p,200000b,80000s
 <C:\Users\
Mohamed\AppData\Local\MiKTeX\fonts/pk/ljfour/jknappen/ec/dpi600\tcrm1000.pk><D:
/latex/fonts/type1/public/amsfonts/cm/cmbx10.pfb><D:/latex/fonts/type1/public/a
msfonts/cm/cmbx12.pfb><D:/latex/fonts/type1/public/amsfonts/cm/cmbx9.pfb><D:/la
tex/fonts/type1/public/amsfonts/cm/cmr10.pfb><D:/latex/fonts/type1/public/amsfo
nts/cm/cmr12.pfb><D:/latex/fonts/type1/public/amsfonts/cm/cmr17.pfb><D:/latex/f
onts/type1/public/amsfonts/cm/cmr9.pfb>
Output written on startup.pdf (5 pages, 4104955 bytes).
PDF statistics:
 71 PDF objects out of 1000 (max. 8388607)
 0 named destinations out of 1000 (max. 500000)
 31 words of extra memory for PDF output out of 10000 (max. 10000000)

